  stdafx.cpp
  image.cpp
..\..\share\image.cpp(84): warning C4244: аргумент: преобразование "double" в "int", возможна потеря данных
..\..\share\image.cpp(98): warning C4244: аргумент: преобразование "double" в "int", возможна потеря данных
..\..\share\image.cpp(116): warning C4244: аргумент: преобразование "double" в "int", возможна потеря данных
..\..\share\image.cpp(130): warning C4244: аргумент: преобразование "double" в "int", возможна потеря данных
..\..\share\image.cpp(297): warning C4244: инициализация: преобразование "double" в "int", возможна потеря данных
..\..\share\image.cpp(346): warning C4244: аргумент: преобразование "double" в "const int", возможна потеря данных
  image_lite.cpp
  interest_points.cpp
..\..\share\interest_points.cpp(123): warning C4244: +=: преобразование "double" в "int", возможна потеря данных
..\..\share\interest_points.cpp(124): warning C4244: +=: преобразование "double" в "int", возможна потеря данных
..\..\share\interest_points.cpp(126): warning C4244: аргумент: преобразование "double" в "int", возможна потеря данных
..\..\share\interest_points.cpp(137): warning C4018: <: несоответствие типов со знаком и без знака
  kernel.cpp
..\..\share\kernel.cpp(111): warning C4244: инициализация: преобразование "double" в "int", возможна потеря данных
  pyramid.cpp
..\..\share\pyramid.cpp(29): warning C4244: аргумент: преобразование "double" в "int", возможна потеря данных
..\..\share\pyramid.cpp(39): warning C4018: <: несоответствие типов со знаком и без знака
..\..\share\pyramid.cpp(47): warning C4018: <: несоответствие типов со знаком и без знака
..\..\share\pyramid.cpp(49): warning C4244: инициализация: преобразование "double" в "int", возможна потеря данных
..\..\share\pyramid.cpp(50): warning C4244: инициализация: преобразование "double" в "int", возможна потеря данных
..\..\share\pyramid.cpp(51): warning C4244: return: преобразование "double" в "int", возможна потеря данных
  AssemblyInfo.cpp
  descriptor.cpp
descriptor.cpp(22): warning C4018: <: несоответствие типов со знаком и без знака
descriptor.cpp(33): warning C4018: <: несоответствие типов со знаком и без знака
descriptor.cpp(41): warning C4018: <: несоответствие типов со знаком и без знака
descriptor.cpp(48): warning C4244: *=: преобразование "double" в "int", возможна потеря данных
descriptor.cpp(59): warning C4244: инициализация: преобразование "double" в "int", возможна потеря данных
descriptor.cpp(60): warning C4244: инициализация: преобразование "double" в "int", возможна потеря данных
descriptor.cpp(77): warning C4244: инициализация: преобразование "double" в "int", возможна потеря данных
descriptor.cpp(106): warning C4244: *=: преобразование "double" в "int", возможна потеря данных
descriptor.cpp(125): warning C4244: инициализация: преобразование "double" в "int", возможна потеря данных
descriptor.cpp(126): warning C4244: инициализация: преобразование "double" в "int", возможна потеря данных
descriptor.cpp(143): warning C4244: инициализация: преобразование "double" в "int", возможна потеря данных
descriptor.cpp(148): warning C4244: инициализация: преобразование "double" в "int", возможна потеря данных
descriptor.cpp(149): warning C4244: инициализация: преобразование "double" в "int", возможна потеря данных
descriptor.cpp(151): warning C4244: инициализация: преобразование "double" в "int", возможна потеря данных
descriptor.cpp(152): warning C4244: инициализация: преобразование "double" в "int", возможна потеря данных
descriptor.cpp(201): warning C4018: <: несоответствие типов со знаком и без знака
descriptor.cpp(253): warning C4018: <: несоответствие типов со знаком и без знака
descriptor.cpp(254): warning C4805: ==: небезопасное смешение типа "double" и типа "bool" в операции
descriptor.cpp(255): warning C4805: ==: небезопасное смешение типа "double" и типа "bool" в операции
  lab1itoi.cpp
lab1itoi.cpp(36): warning C4244: аргумент: преобразование "int" в "float", возможна потеря данных
lab1itoi.cpp(46): warning C4018: <: несоответствие типов со знаком и без знака
lab1itoi.cpp(57): warning C4244: инициализация: преобразование "double" в "float", возможна потеря данных
lab1itoi.cpp(61): warning C4244: инициализация: преобразование "double" в "float", возможна потеря данных
  ransac.cpp
ransac.cpp(145): warning C4018: <: несоответствие типов со знаком и без знака
ransac.cpp(148): warning C4018: <: несоответствие типов со знаком и без знака
  Создание кода...
c:\users\admin\documents\github\itoi\lab8itoi\lab1itoi\ransac.cpp(138): warning C4172: возвращение адреса локальной или временной переменной : R
c:\users\admin\documents\github\itoi\lab8itoi\lab1itoi\ransac.cpp(160): warning C4172: возвращение адреса локальной или временной переменной
c:\users\admin\documents\github\itoi\share\image.cpp(246): warning C4715: image::getPixel: значение возвращается не при всех путях выполнения
  .NETFramework,Version=v4.5.2.AssemblyAttributes.cpp
  lab1itoi.vcxproj -> C:\Users\Admin\Documents\GitHub\ITOI\lab8itoi\Release\lab1itoi.exe
  lab1itoi.vcxproj -> C:\Users\Admin\Documents\GitHub\ITOI\lab8itoi\Release\lab1itoi.pdb (Full PDB)
