  stdafx.cpp
  image.cpp
..\..\share\image.cpp(84): warning C4244: аргумент: преобразование "double" в "int", возможна потеря данных
..\..\share\image.cpp(98): warning C4244: аргумент: преобразование "double" в "int", возможна потеря данных
..\..\share\image.cpp(116): warning C4244: аргумент: преобразование "double" в "int", возможна потеря данных
..\..\share\image.cpp(281): warning C4244: инициализация: преобразование "double" в "int", возможна потеря данных
  image_lite.cpp
  kernel.cpp
..\..\share\kernel.cpp(111): warning C4244: инициализация: преобразование "double" в "int", возможна потеря данных
  pyramid.cpp
..\..\share\pyramid.cpp(28): warning C4244: аргумент: преобразование "double" в "int", возможна потеря данных
..\..\share\pyramid.cpp(38): warning C4018: <: несоответствие типов со знаком и без знака
..\..\share\pyramid.cpp(40): warning C4244: инициализация: преобразование "double" в "int", возможна потеря данных
..\..\share\pyramid.cpp(41): warning C4244: инициализация: преобразование "double" в "int", возможна потеря данных
  AssemblyInfo.cpp
  interest_points.cpp
  lab1itoi.cpp
lab1itoi.cpp(27): warning C4018: <: несоответствие типов со знаком и без знака
  Создание кода...
c:\users\admin\documents\github\itoi\share\image.cpp(230): warning C4715: image::getPixel: значение возвращается не при всех путях выполнения
  .NETFramework,Version=v4.5.2.AssemblyAttributes.cpp
  lab1itoi.vcxproj -> C:\Users\Admin\Documents\GitHub\ITOI\lab3itoi\Release\lab1itoi.exe
  lab1itoi.vcxproj -> C:\Users\Admin\Documents\GitHub\ITOI\lab3itoi\Release\lab1itoi.pdb (Full PDB)
